{"total": {"lines":{"total":314,"covered":93,"skipped":0,"pct":29.61},"statements":{"total":319,"covered":96,"skipped":0,"pct":30.09},"functions":{"total":32,"covered":11,"skipped":0,"pct":34.37},"branches":{"total":158,"covered":40,"skipped":0,"pct":25.31},"branchesTrue":{"total":0,"covered":0,"skipped":0,"pct":"Unknown"}}
,"/home/kioda/Projetos/IzziOrder/app/actions/category.ts": {"lines":{"total":50,"covered":0,"skipped":0,"pct":0},"functions":{"total":4,"covered":0,"skipped":0,"pct":0},"statements":{"total":50,"covered":0,"skipped":0,"pct":0},"branches":{"total":30,"covered":0,"skipped":0,"pct":0}}
,"/home/kioda/Projetos/IzziOrder/app/actions/login.ts": {"lines":{"total":20,"covered":0,"skipped":0,"pct":0},"functions":{"total":2,"covered":0,"skipped":0,"pct":0},"statements":{"total":20,"covered":0,"skipped":0,"pct":0},"branches":{"total":4,"covered":0,"skipped":0,"pct":0}}
,"/home/kioda/Projetos/IzziOrder/app/actions/menuItem.ts": {"lines":{"total":119,"covered":0,"skipped":0,"pct":0},"functions":{"total":11,"covered":0,"skipped":0,"pct":0},"statements":{"total":121,"covered":0,"skipped":0,"pct":0},"branches":{"total":68,"covered":0,"skipped":0,"pct":0}}
,"/home/kioda/Projetos/IzziOrder/app/actions/orders.ts": {"lines":{"total":95,"covered":93,"skipped":0,"pct":97.89},"functions":{"total":11,"covered":11,"skipped":0,"pct":100},"statements":{"total":98,"covered":96,"skipped":0,"pct":97.95},"branches":{"total":44,"covered":40,"skipped":0,"pct":90.9}}
,"/home/kioda/Projetos/IzziOrder/app/actions/tables.ts": {"lines":{"total":30,"covered":0,"skipped":0,"pct":0},"functions":{"total":4,"covered":0,"skipped":0,"pct":0},"statements":{"total":30,"covered":0,"skipped":0,"pct":0},"branches":{"total":12,"covered":0,"skipped":0,"pct":0}}
}
