TN:
SF:app/actions/category.ts
FN:20,getCategories
FN:41,createCategory
FN:84,updateCategory
FN:129,deleteCategory
FNF:4
FNH:0
FNDA:0,getCategories
FNDA:0,createCategory
FNDA:0,updateCategory
FNDA:0,deleteCategory
DA:3,0
DA:4,0
DA:5,0
DA:20,0
DA:21,0
DA:23,0
DA:28,0
DA:29,0
DA:30,0
DA:33,0
DA:41,0
DA:44,0
DA:45,0
DA:48,0
DA:49,0
DA:53,0
DA:59,0
DA:60,0
DA:62,0
DA:67,0
DA:68,0
DA:74,0
DA:75,0
DA:84,0
DA:88,0
DA:89,0
DA:92,0
DA:93,0
DA:95,0
DA:96,0
DA:100,0
DA:108,0
DA:109,0
DA:111,0
DA:116,0
DA:117,0
DA:120,0
DA:121,0
DA:129,0
DA:130,0
DA:133,0
DA:134,0
DA:137,0
DA:143,0
DA:144,0
DA:146,0
DA:152,0
DA:153,0
DA:156,0
DA:157,0
LF:50
LH:0
BRDA:28,0,0,0
BRDA:28,0,1,0
BRDA:45,1,0,0
BRDA:45,1,1,0
BRDA:45,2,0,0
BRDA:45,2,1,0
BRDA:48,3,0,0
BRDA:48,3,1,0
BRDA:59,4,0,0
BRDA:59,4,1,0
BRDA:60,5,0,0
BRDA:60,5,1,0
BRDA:89,6,0,0
BRDA:89,6,1,0
BRDA:89,7,0,0
BRDA:89,7,1,0
BRDA:92,8,0,0
BRDA:92,8,1,0
BRDA:95,9,0,0
BRDA:95,9,1,0
BRDA:108,10,0,0
BRDA:108,10,1,0
BRDA:109,11,0,0
BRDA:109,11,1,0
BRDA:133,12,0,0
BRDA:133,12,1,0
BRDA:143,13,0,0
BRDA:143,13,1,0
BRDA:144,14,0,0
BRDA:144,14,1,0
BRF:30
BRH:0
end_of_record
TN:
SF:app/actions/login.ts
FN:8,login
FN:31,signup
FNF:2
FNH:0
FNDA:0,login
FNDA:0,signup
DA:3,0
DA:4,0
DA:6,0
DA:8,0
DA:9,0
DA:14,0
DA:19,0
DA:21,0
DA:23,0
DA:24,0
DA:27,0
DA:28,0
DA:31,0
DA:32,0
DA:36,0
DA:41,0
DA:43,0
DA:44,0
DA:47,0
DA:48,0
LF:20
LH:0
BRDA:23,0,0,0
BRDA:23,0,1,0
BRDA:43,1,0,0
BRDA:43,1,1,0
BRF:4
BRH:0
end_of_record
TN:
SF:app/actions/menuItem.ts
FN:27,getMenuItems
FN:48,uploadImage
FN:69,createMenuItem
FN:159,updateMenuItem
FN:236,deleteMenuItem
FN:283,updateMenuOrdernation
FN:293,(anonymous_19)
FN:304,(anonymous_20)
FN:309,(anonymous_21)
FN:309,(anonymous_22)
FN:323,updateMenuItemAvailability
FNF:11
FNH:10
FNDA:3,getMenuItems
FNDA:5,uploadImage
FNDA:8,createMenuItem
FNDA:7,updateMenuItem
FNDA:0,deleteMenuItem
FNDA:5,updateMenuOrdernation
FNDA:5,(anonymous_19)
FNDA:4,(anonymous_20)
FNDA:2,(anonymous_21)
FNDA:2,(anonymous_22)
FNDA:3,updateMenuItemAvailability
DA:3,3
DA:4,3
DA:5,3
DA:6,3
DA:7,3
DA:25,3
DA:27,3
DA:28,3
DA:30,3
DA:36,3
DA:37,1
DA:40,2
DA:49,5
DA:50,0
DA:53,5
DA:54,5
DA:55,3
DA:57,2
DA:58,2
DA:69,3
DA:72,8
DA:73,8
DA:74,8
DA:75,8
DA:76,8
DA:77,8
DA:80,8
DA:87,8
DA:88,8
DA:89,1
DA:92,7
DA:93,7
DA:96,7
DA:97,2
DA:98,2
DA:99,1
DA:101,1
DA:105,6
DA:113,6
DA:118,6
DA:124,6
DA:125,2
DA:128,4
DA:145,4
DA:146,1
DA:147,1
DA:150,3
DA:151,3
DA:159,3
DA:163,7
DA:165,7
DA:166,1
DA:169,6
DA:178,6
DA:179,6
DA:180,1
DA:183,5
DA:184,5
DA:186,5
DA:187,3
DA:188,3
DA:189,1
DA:191,2
DA:194,2
DA:195,1
DA:196,1
DA:198,0
DA:202,2
DA:206,4
DA:212,4
DA:213,1
DA:216,3
DA:223,3
DA:224,0
DA:225,0
DA:228,3
DA:229,3
DA:236,3
DA:237,0
DA:239,0
DA:240,0
DA:244,0
DA:250,0
DA:251,0
DA:252,0
DA:256,0
DA:257,0
DA:258,0
DA:260,0
DA:265,0
DA:270,0
DA:271,0
DA:272,0
DA:275,0
DA:276,0
DA:283,3
DA:286,5
DA:288,5
DA:289,2
DA:293,3
DA:294,5
DA:301,3
DA:304,4
DA:306,3
DA:307,1
DA:309,2
DA:311,1
DA:314,2
DA:315,2
DA:323,3
DA:327,3
DA:329,3
DA:330,1
DA:333,2
DA:338,2
DA:339,1
DA:340,1
DA:343,1
DA:344,1
LF:119
LH:98
BRDA:36,0,0,1
BRDA:36,0,1,2
BRDA:49,1,0,0
BRDA:49,1,1,5
BRDA:49,2,0,5
BRDA:49,2,1,5
BRDA:88,3,0,1
BRDA:88,3,1,7
BRDA:96,4,0,2
BRDA:96,4,1,5
BRDA:96,5,0,7
BRDA:96,5,1,2
BRDA:98,6,0,1
BRDA:98,6,1,1
BRDA:113,7,0,0
BRDA:113,7,1,6
BRDA:113,8,0,6
BRDA:113,8,1,0
BRDA:124,9,0,2
BRDA:124,9,1,4
BRDA:124,10,0,6
BRDA:124,10,1,5
BRDA:145,11,0,1
BRDA:145,11,1,3
BRDA:165,12,0,1
BRDA:165,12,1,6
BRDA:179,13,0,1
BRDA:179,13,1,5
BRDA:186,14,0,3
BRDA:186,14,1,2
BRDA:186,15,0,5
BRDA:186,15,1,3
BRDA:188,16,0,1
BRDA:188,16,1,2
BRDA:194,17,0,1
BRDA:194,17,1,1
BRDA:194,18,0,2
BRDA:194,18,1,2
BRDA:212,19,0,1
BRDA:212,19,1,3
BRDA:212,20,0,4
BRDA:212,20,1,3
BRDA:223,21,0,0
BRDA:223,21,1,3
BRDA:239,22,0,0
BRDA:239,22,1,0
BRDA:250,23,0,0
BRDA:250,23,1,0
BRDA:256,24,0,0
BRDA:256,24,1,0
BRDA:256,25,0,0
BRDA:256,25,1,0
BRDA:256,26,0,0
BRDA:256,26,1,0
BRDA:256,27,0,0
BRDA:256,27,1,0
BRDA:270,28,0,0
BRDA:270,28,1,0
BRDA:288,29,0,2
BRDA:288,29,1,3
BRDA:288,30,0,5
BRDA:288,30,1,4
BRDA:306,31,0,1
BRDA:306,31,1,2
BRDA:329,32,0,1
BRDA:329,32,1,2
BRDA:338,33,0,1
BRDA:338,33,1,1
BRF:68
BRH:50
end_of_record
TN:
SF:app/actions/orders.ts
FN:57,createOrder
FN:83,(anonymous_9)
FN:107,getOrders
FN:146,getOrderById
FN:174,updateOrder
FN:216,(anonymous_16)
FN:220,(anonymous_17)
FN:221,(anonymous_18)
FN:224,(anonymous_19)
FN:257,deleteOrder
FN:278,updateToClosedOrder
FNF:11
FNH:0
FNDA:0,createOrder
FNDA:0,(anonymous_9)
FNDA:0,getOrders
FNDA:0,getOrderById
FNDA:0,updateOrder
FNDA:0,(anonymous_16)
FNDA:0,(anonymous_17)
FNDA:0,(anonymous_18)
FNDA:0,(anonymous_19)
FNDA:0,deleteOrder
FNDA:0,updateToClosedOrder
DA:3,0
DA:4,0
DA:5,0
DA:57,0
DA:60,0
DA:62,0
DA:77,0
DA:78,0
DA:79,0
DA:82,0
DA:83,0
DA:92,0
DA:96,0
DA:97,0
DA:98,0
DA:102,0
DA:103,0
DA:107,0
DA:108,0
DA:110,0
DA:116,0
DA:117,0
DA:118,0
DA:121,0
DA:122,0
DA:123,0
DA:124,0
DA:125,0
DA:126,0
DA:127,0
DA:130,0
DA:131,0
DA:132,0
DA:133,0
DA:134,0
DA:136,0
DA:139,0
DA:146,0
DA:149,0
DA:151,0
DA:152,0
DA:155,0
DA:161,0
DA:162,0
DA:163,0
DA:166,0
DA:174,0
DA:178,0
DA:180,0
DA:181,0
DA:184,0
DA:199,0
DA:200,0
DA:201,0
DA:204,0
DA:205,0
DA:210,0
DA:211,0
DA:212,0
DA:216,0
DA:219,0
DA:220,0
DA:221,0
DA:224,0
DA:226,0
DA:227,0
DA:232,0
DA:233,0
DA:234,0
DA:238,0
DA:239,0
DA:241,0
DA:244,0
DA:249,0
DA:250,0
DA:257,0
DA:258,0
DA:260,0
DA:261,0
DA:264,0
DA:269,0
DA:270,0
DA:271,0
DA:274,0
DA:275,0
DA:278,0
DA:279,0
DA:281,0
DA:282,0
DA:285,0
DA:290,0
DA:291,0
DA:292,0
DA:295,0
DA:296,0
LF:95
LH:0
BRDA:77,0,0,0
BRDA:77,0,1,0
BRDA:82,1,0,0
BRDA:82,1,1,0
BRDA:96,2,0,0
BRDA:96,2,1,0
BRDA:116,3,0,0
BRDA:116,3,1,0
BRDA:124,4,0,0
BRDA:124,4,1,0
BRDA:126,5,0,0
BRDA:126,5,1,0
BRDA:130,6,0,0
BRDA:130,6,1,0
BRDA:151,7,0,0
BRDA:151,7,1,0
BRDA:161,8,0,0
BRDA:161,8,1,0
BRDA:180,9,0,0
BRDA:180,9,1,0
BRDA:199,10,0,0
BRDA:199,10,1,0
BRDA:204,11,0,0
BRDA:204,11,1,0
BRDA:210,12,0,0
BRDA:210,12,1,0
BRDA:216,13,0,0
BRDA:216,13,1,0
BRDA:216,14,0,0
BRDA:216,14,1,0
BRDA:226,15,0,0
BRDA:226,15,1,0
BRDA:232,16,0,0
BRDA:232,16,1,0
BRDA:239,17,0,0
BRDA:239,17,1,0
BRDA:260,18,0,0
BRDA:260,18,1,0
BRDA:269,19,0,0
BRDA:269,19,1,0
BRDA:281,20,0,0
BRDA:281,20,1,0
BRDA:290,21,0,0
BRDA:290,21,1,0
BRF:44
BRH:0
end_of_record
TN:
SF:app/actions/tables.ts
FN:6,getTables
FN:19,createTable
FN:36,updateTable
FN:55,deleteTable
FNF:4
FNH:0
FNDA:0,getTables
FNDA:0,createTable
FNDA:0,updateTable
FNDA:0,deleteTable
DA:3,0
DA:4,0
DA:6,0
DA:7,0
DA:9,0
DA:11,0
DA:12,0
DA:13,0
DA:16,0
DA:19,0
DA:20,0
DA:22,0
DA:28,0
DA:29,0
DA:30,0
DA:33,0
DA:36,0
DA:37,0
DA:39,0
DA:47,0
DA:48,0
DA:49,0
DA:52,0
DA:55,0
DA:56,0
DA:58,0
DA:66,0
DA:67,0
DA:68,0
DA:71,0
LF:30
LH:0
BRDA:11,0,0,0
BRDA:11,0,1,0
BRDA:16,1,0,0
BRDA:16,1,1,0
BRDA:16,2,0,0
BRDA:16,2,1,0
BRDA:28,3,0,0
BRDA:28,3,1,0
BRDA:47,4,0,0
BRDA:47,4,1,0
BRDA:66,5,0,0
BRDA:66,5,1,0
BRF:12
BRH:0
end_of_record
