TN:
SF:app/actions/category.ts
FN:20,getCategories
FN:41,createCategory
FN:84,updateCategory
FN:129,deleteCategory
FNF:4
FNH:0
FNDA:0,getCategories
FNDA:0,createCategory
FNDA:0,updateCategory
FNDA:0,deleteCategory
DA:3,0
DA:4,0
DA:5,0
DA:20,0
DA:21,0
DA:23,0
DA:28,0
DA:29,0
DA:30,0
DA:33,0
DA:41,0
DA:44,0
DA:45,0
DA:48,0
DA:49,0
DA:53,0
DA:59,0
DA:60,0
DA:62,0
DA:67,0
DA:68,0
DA:74,0
DA:75,0
DA:84,0
DA:88,0
DA:89,0
DA:92,0
DA:93,0
DA:95,0
DA:96,0
DA:100,0
DA:108,0
DA:109,0
DA:111,0
DA:116,0
DA:117,0
DA:120,0
DA:121,0
DA:129,0
DA:130,0
DA:133,0
DA:134,0
DA:137,0
DA:143,0
DA:144,0
DA:146,0
DA:152,0
DA:153,0
DA:156,0
DA:157,0
LF:50
LH:0
BRDA:28,0,0,0
BRDA:28,0,1,0
BRDA:45,1,0,0
BRDA:45,1,1,0
BRDA:45,2,0,0
BRDA:45,2,1,0
BRDA:48,3,0,0
BRDA:48,3,1,0
BRDA:59,4,0,0
BRDA:59,4,1,0
BRDA:60,5,0,0
BRDA:60,5,1,0
BRDA:89,6,0,0
BRDA:89,6,1,0
BRDA:89,7,0,0
BRDA:89,7,1,0
BRDA:92,8,0,0
BRDA:92,8,1,0
BRDA:95,9,0,0
BRDA:95,9,1,0
BRDA:108,10,0,0
BRDA:108,10,1,0
BRDA:109,11,0,0
BRDA:109,11,1,0
BRDA:133,12,0,0
BRDA:133,12,1,0
BRDA:143,13,0,0
BRDA:143,13,1,0
BRDA:144,14,0,0
BRDA:144,14,1,0
BRF:30
BRH:0
end_of_record
TN:
SF:app/actions/menuItem.ts
FN:27,getMenuItems
FN:48,uploadImage
FN:69,createMenuItem
FN:159,updateMenuItem
FN:236,deleteMenuItem
FN:283,updateMenuOrdernation
FN:293,(anonymous_19)
FN:304,(anonymous_20)
FN:309,(anonymous_21)
FN:309,(anonymous_22)
FN:323,updateMenuItemAvailability
FNF:11
FNH:0
FNDA:0,getMenuItems
FNDA:0,uploadImage
FNDA:0,createMenuItem
FNDA:0,updateMenuItem
FNDA:0,deleteMenuItem
FNDA:0,updateMenuOrdernation
FNDA:0,(anonymous_19)
FNDA:0,(anonymous_20)
FNDA:0,(anonymous_21)
FNDA:0,(anonymous_22)
FNDA:0,updateMenuItemAvailability
DA:3,0
DA:4,0
DA:5,0
DA:6,0
DA:7,0
DA:25,0
DA:27,0
DA:28,0
DA:30,0
DA:36,0
DA:37,0
DA:40,0
DA:49,0
DA:50,0
DA:53,0
DA:54,0
DA:55,0
DA:57,0
DA:58,0
DA:69,0
DA:72,0
DA:73,0
DA:74,0
DA:75,0
DA:76,0
DA:77,0
DA:80,0
DA:87,0
DA:88,0
DA:89,0
DA:92,0
DA:93,0
DA:96,0
DA:97,0
DA:98,0
DA:99,0
DA:101,0
DA:105,0
DA:113,0
DA:118,0
DA:124,0
DA:125,0
DA:128,0
DA:145,0
DA:146,0
DA:147,0
DA:150,0
DA:151,0
DA:159,0
DA:163,0
DA:165,0
DA:166,0
DA:169,0
DA:178,0
DA:179,0
DA:180,0
DA:183,0
DA:184,0
DA:186,0
DA:187,0
DA:188,0
DA:189,0
DA:191,0
DA:194,0
DA:195,0
DA:196,0
DA:198,0
DA:202,0
DA:206,0
DA:212,0
DA:213,0
DA:216,0
DA:223,0
DA:224,0
DA:225,0
DA:228,0
DA:229,0
DA:236,0
DA:237,0
DA:239,0
DA:240,0
DA:244,0
DA:250,0
DA:251,0
DA:252,0
DA:256,0
DA:257,0
DA:258,0
DA:260,0
DA:265,0
DA:270,0
DA:271,0
DA:272,0
DA:275,0
DA:276,0
DA:283,0
DA:286,0
DA:288,0
DA:289,0
DA:293,0
DA:294,0
DA:301,0
DA:304,0
DA:306,0
DA:307,0
DA:309,0
DA:311,0
DA:314,0
DA:315,0
DA:323,0
DA:327,0
DA:329,0
DA:330,0
DA:333,0
DA:338,0
DA:339,0
DA:340,0
DA:343,0
DA:344,0
LF:119
LH:0
BRDA:36,0,0,0
BRDA:36,0,1,0
BRDA:49,1,0,0
BRDA:49,1,1,0
BRDA:49,2,0,0
BRDA:49,2,1,0
BRDA:88,3,0,0
BRDA:88,3,1,0
BRDA:96,4,0,0
BRDA:96,4,1,0
BRDA:96,5,0,0
BRDA:96,5,1,0
BRDA:98,6,0,0
BRDA:98,6,1,0
BRDA:113,7,0,0
BRDA:113,7,1,0
BRDA:113,8,0,0
BRDA:113,8,1,0
BRDA:124,9,0,0
BRDA:124,9,1,0
BRDA:124,10,0,0
BRDA:124,10,1,0
BRDA:145,11,0,0
BRDA:145,11,1,0
BRDA:165,12,0,0
BRDA:165,12,1,0
BRDA:179,13,0,0
BRDA:179,13,1,0
BRDA:186,14,0,0
BRDA:186,14,1,0
BRDA:186,15,0,0
BRDA:186,15,1,0
BRDA:188,16,0,0
BRDA:188,16,1,0
BRDA:194,17,0,0
BRDA:194,17,1,0
BRDA:194,18,0,0
BRDA:194,18,1,0
BRDA:212,19,0,0
BRDA:212,19,1,0
BRDA:212,20,0,0
BRDA:212,20,1,0
BRDA:223,21,0,0
BRDA:223,21,1,0
BRDA:239,22,0,0
BRDA:239,22,1,0
BRDA:250,23,0,0
BRDA:250,23,1,0
BRDA:256,24,0,0
BRDA:256,24,1,0
BRDA:256,25,0,0
BRDA:256,25,1,0
BRDA:256,26,0,0
BRDA:256,26,1,0
BRDA:256,27,0,0
BRDA:256,27,1,0
BRDA:270,28,0,0
BRDA:270,28,1,0
BRDA:288,29,0,0
BRDA:288,29,1,0
BRDA:288,30,0,0
BRDA:288,30,1,0
BRDA:306,31,0,0
BRDA:306,31,1,0
BRDA:329,32,0,0
BRDA:329,32,1,0
BRDA:338,33,0,0
BRDA:338,33,1,0
BRF:68
BRH:0
end_of_record
TN:
SF:app/actions/orders.ts
FN:52,createOrder
FN:78,(anonymous_9)
FN:102,getOrders
FN:141,getOrderById
FN:169,updateOrder
FN:211,(anonymous_16)
FN:215,(anonymous_17)
FN:216,(anonymous_18)
FN:219,(anonymous_19)
FN:252,deleteOrder
FN:273,updateToClosedOrder
FNF:11
FNH:11
FNDA:4,createOrder
FNDA:2,(anonymous_9)
FNDA:3,getOrders
FNDA:3,getOrderById
FNDA:5,updateOrder
FNDA:2,(anonymous_16)
FNDA:2,(anonymous_17)
FNDA:1,(anonymous_18)
FNDA:2,(anonymous_19)
FNDA:3,deleteOrder
FNDA:3,updateToClosedOrder
DA:3,4
DA:4,4
DA:5,4
DA:52,4
DA:55,4
DA:57,4
DA:72,4
DA:73,1
DA:74,1
DA:77,3
DA:78,2
DA:87,2
DA:91,2
DA:92,1
DA:93,1
DA:97,2
DA:98,2
DA:102,4
DA:103,3
DA:105,3
DA:111,3
DA:112,1
DA:113,1
DA:116,2
DA:117,2
DA:118,2
DA:119,2
DA:120,1
DA:121,1
DA:122,1
DA:125,2
DA:126,2
DA:127,2
DA:128,2
DA:129,2
DA:131,2
DA:134,2
DA:141,4
DA:144,3
DA:146,3
DA:147,1
DA:150,2
DA:156,2
DA:157,1
DA:158,1
DA:161,1
DA:169,4
DA:173,5
DA:175,5
DA:176,1
DA:179,4
DA:194,4
DA:195,1
DA:196,1
DA:199,3
DA:200,2
DA:205,2
DA:206,1
DA:207,1
DA:211,2
DA:214,1
DA:215,2
DA:216,1
DA:219,2
DA:221,1
DA:222,1
DA:227,1
DA:228,0
DA:229,0
DA:233,1
DA:234,2
DA:236,1
DA:239,1
DA:244,2
DA:245,2
DA:252,4
DA:253,3
DA:255,3
DA:256,1
DA:259,2
DA:264,2
DA:265,1
DA:266,1
DA:269,1
DA:270,1
DA:273,4
DA:274,3
DA:276,3
DA:277,1
DA:280,2
DA:285,2
DA:286,1
DA:287,1
DA:290,1
DA:291,1
LF:95
LH:93
BRDA:72,0,0,1
BRDA:72,0,1,3
BRDA:77,1,0,2
BRDA:77,1,1,1
BRDA:91,2,0,1
BRDA:91,2,1,1
BRDA:111,3,0,1
BRDA:111,3,1,2
BRDA:119,4,0,1
BRDA:119,4,1,1
BRDA:121,5,0,1
BRDA:121,5,1,0
BRDA:125,6,0,1
BRDA:125,6,1,1
BRDA:146,7,0,1
BRDA:146,7,1,2
BRDA:156,8,0,1
BRDA:156,8,1,1
BRDA:175,9,0,1
BRDA:175,9,1,4
BRDA:194,10,0,1
BRDA:194,10,1,3
BRDA:199,11,0,2
BRDA:199,11,1,1
BRDA:205,12,0,1
BRDA:205,12,1,1
BRDA:211,13,0,1
BRDA:211,13,1,0
BRDA:211,14,0,1
BRDA:211,14,1,1
BRDA:221,15,0,1
BRDA:221,15,1,0
BRDA:227,16,0,0
BRDA:227,16,1,1
BRDA:234,17,0,1
BRDA:234,17,1,1
BRDA:255,18,0,1
BRDA:255,18,1,2
BRDA:264,19,0,1
BRDA:264,19,1,1
BRDA:276,20,0,1
BRDA:276,20,1,2
BRDA:285,21,0,1
BRDA:285,21,1,1
BRF:44
BRH:40
end_of_record
TN:
SF:app/actions/tables.ts
FN:6,getTables
FN:19,createTable
FN:36,updateTable
FN:55,deleteTable
FNF:4
FNH:0
FNDA:0,getTables
FNDA:0,createTable
FNDA:0,updateTable
FNDA:0,deleteTable
DA:3,0
DA:4,0
DA:6,0
DA:7,0
DA:9,0
DA:11,0
DA:12,0
DA:13,0
DA:16,0
DA:19,0
DA:20,0
DA:22,0
DA:28,0
DA:29,0
DA:30,0
DA:33,0
DA:36,0
DA:37,0
DA:39,0
DA:47,0
DA:48,0
DA:49,0
DA:52,0
DA:55,0
DA:56,0
DA:58,0
DA:66,0
DA:67,0
DA:68,0
DA:71,0
LF:30
LH:0
BRDA:11,0,0,0
BRDA:11,0,1,0
BRDA:16,1,0,0
BRDA:16,1,1,0
BRDA:16,2,0,0
BRDA:16,2,1,0
BRDA:28,3,0,0
BRDA:28,3,1,0
BRDA:47,4,0,0
BRDA:47,4,1,0
BRDA:66,5,0,0
BRDA:66,5,1,0
BRF:12
BRH:0
end_of_record
